kernel_name = fusion_185 
kernel_launch_uid = 1 

Kernel Average Power Data:
kernel_avg_power = 33.5336
kernel_avg_power_without_DRAM = 33.5336
gpu_avg_IBP, = 0.00829673
gpu_avg_ICP, = 0
gpu_avg_DCP, = 10.9684
gpu_avg_TCP, = 0
gpu_avg_CCP, = 0
gpu_avg_SHRDP, = 0
gpu_avg_RFP, = 0.69957
gpu_avg_SPP, = 0
gpu_avg_SFUP, = 1.06089
gpu_avg_FPUP, = 0
gpu_avg_SCHEDP, = 0.00628871
gpu_avg_L2CP, = 0.0369586
gpu_avg_MCP, = 0.860799
gpu_avg_NOCP, = 6.68574
gpu_avg_DRAMP, = 0
gpu_avg_PIPEP, = 1.5204
gpu_avg_IDLE_COREP, = 1.11133
gpu_avg_CONST_DYNAMICP, = 10.5749
gpu_avg_TENSOR_COREP = 0
gpu_avg_TOT_INST, = 1389.71
gpu_avg_FP_INT, = 292.571
gpu_avg_IC_H, = 0
gpu_avg_IC_M, = 0
gpu_avg_DC_RH, = 0
gpu_avg_DC_RM, = 1170.29
gpu_avg_DC_WH, = 0
gpu_avg_DC_WM, = 585.143
gpu_avg_TC_H, = 0
gpu_avg_TC_M, = 0
gpu_avg_CC_H, = 0
gpu_avg_CC_M, = 0
gpu_avg_SHRD_ACC, = 0
gpu_avg_REG_RD, = 49152
gpu_avg_REG_WR, = 70037.3
gpu_avg_NON_REG_OPs, = 0
gpu_avg_SP_ACC, = 0
gpu_avg_SFU_ACC, = 37449.1
gpu_avg_FPU_ACC, = 0
gpu_avg_MEM_RD, = 0
gpu_avg_MEM_WR, = 0
gpu_avg_MEM_PRE, = 0
gpu_avg_L2_RH, = 0
gpu_avg_L2_RM, = 292.571
gpu_avg_L2_WH, = 0
gpu_avg_L2_WM, = 0
gpu_avg_NOC_A, = 5259.25
gpu_avg_PIPE_A, = 0.0173714
gpu_avg_IDLE_CORE_N, = 3.17524
gpu_avg_CONST_DYNAMICN, = 0
gpu_avg_TENSOR_CORE_ACC = 0

Kernel Maximum Power Data:
kernel_max_power = 81.274
kernel_max_power_without_DRAM = 81.274
gpu_max_IBP, = 0.00615517
gpu_max_ICP, = 0
gpu_max_DCP, = 48.6184
gpu_max_TCP, = 0
gpu_max_CCP, = 0
gpu_max_SHRDP, = 0
gpu_max_RFP, = 0.84257
gpu_max_SPP, = 0
gpu_max_SFUP, = 0
gpu_max_FPUP, = 0
gpu_max_SCHEDP, = 0
gpu_max_L2CP, = 0.0807206
gpu_max_MCP, = 2.09602
gpu_max_NOCP, = 17.6307
gpu_max_DRAMP, = 0
gpu_max_PIPEP, = 1.42443
gpu_max_IDLE_COREP, = 0
gpu_max_CONST_DYNAMICP, = 10.5749
gpu_max_TENSOR_COREP = 0
gpu_max_TOT_INST, = 1031
gpu_max_FP_INT, = 0
gpu_max_IC_H, = 0
gpu_max_IC_M, = 0
gpu_max_DC_RH, = 0
gpu_max_DC_RM, = 9009
gpu_max_DC_WH, = 0
gpu_max_DC_WM, = 0
gpu_max_TC_H, = 0
gpu_max_TC_M, = 0
gpu_max_CC_H, = 0
gpu_max_CC_M, = 0
gpu_max_SHRD_ACC, = 0
gpu_max_REG_RD, = 46816
gpu_max_REG_WR, = 105568
gpu_max_NON_REG_OPs, = 0
gpu_max_SP_ACC, = 0
gpu_max_SFU_ACC, = 0
gpu_max_FPU_ACC, = 0
gpu_max_MEM_RD, = 0
gpu_max_MEM_WR, = 0
gpu_max_MEM_PRE, = 0
gpu_max_L2_RH, = 0
gpu_max_L2_RM, = 639
gpu_max_L2_WH, = 0
gpu_max_L2_WM, = 0
gpu_max_NOC_A, = 13869
gpu_max_PIPE_A, = 0.016275
gpu_max_IDLE_CORE_N, = 0
gpu_max_CONST_DYNAMICN, = 0
gpu_max_TENSOR_CORE_ACC = 0

Kernel Minimum Power Data:
kernel_min_power = 12.0717
kernel_min_power_without_DRAM = 12.0717
gpu_min_IBP, = 0
gpu_min_ICP, = 0
gpu_min_DCP, = 0
gpu_min_TCP, = 0
gpu_min_CCP, = 0
gpu_min_SHRDP, = 0
gpu_min_RFP, = 0
gpu_min_SPP, = 0
gpu_min_SFUP, = 0
gpu_min_FPUP, = 0
gpu_min_SCHEDP, = 0
gpu_min_L2CP, = 0
gpu_min_MCP, = 0.425052
gpu_min_NOCP, = 1.07165
gpu_min_DRAMP, = 0
gpu_min_PIPEP, = 0
gpu_min_IDLE_COREP, = 0
gpu_min_CONST_DYNAMICP, = 10.5749
gpu_min_TENSOR_COREP = 0
gpu_min_TOT_INST, = 0
gpu_min_FP_INT, = 0
gpu_min_IC_H, = 0
gpu_min_IC_M, = 0
gpu_min_DC_RH, = 0
gpu_min_DC_RM, = 0
gpu_min_DC_WH, = 0
gpu_min_DC_WM, = 0
gpu_min_TC_H, = 0
gpu_min_TC_M, = 0
gpu_min_CC_H, = 0
gpu_min_CC_M, = 0
gpu_min_SHRD_ACC, = 0
gpu_min_REG_RD, = 0
gpu_min_REG_WR, = 0
gpu_min_NON_REG_OPs, = 0
gpu_min_SP_ACC, = 0
gpu_min_SFU_ACC, = 0
gpu_min_FPU_ACC, = 0
gpu_min_MEM_RD, = 0
gpu_min_MEM_WR, = 0
gpu_min_MEM_PRE, = 0
gpu_min_L2_RH, = 0
gpu_min_L2_RM, = 0
gpu_min_L2_WH, = 0
gpu_min_L2_WM, = 0
gpu_min_NOC_A, = 843
gpu_min_PIPE_A, = 0
gpu_min_IDLE_CORE_N, = 0
gpu_min_CONST_DYNAMICN, = 0
gpu_min_TENSOR_CORE_ACC = 0

Accumulative Power Statistics Over Previous Kernels:
gpu_tot_avg_power = 33.5336
gpu_tot_max_power = 81.274
gpu_tot_min_power = 12.0717

Accumulative Power without DRAM Power:
gpu_tot_avg_power_without_DRAM = 33.5336
gpu_tot_max_power_without_DRAM = 81.274
gpu_tot_min_power_without_DRAM = 12.0717


kernel_name = convert_390 
kernel_launch_uid = 2 

Kernel Average Power Data:
kernel_avg_power = 33.5175
kernel_avg_power_without_DRAM = 33.5175
gpu_avg_IBP, = 0.00615207
gpu_avg_ICP, = 0
gpu_avg_DCP, = 11.6626
gpu_avg_TCP, = 0
gpu_avg_CCP, = 0
gpu_avg_SHRDP, = 0
gpu_avg_RFP, = 0.602153
gpu_avg_SPP, = 0
gpu_avg_SFUP, = 0.599267
gpu_avg_FPUP, = 0
gpu_avg_SCHEDP, = 0.00355232
gpu_avg_L2CP, = 0.0392977
gpu_avg_MCP, = 0.888378
gpu_avg_NOCP, = 7.11527
gpu_avg_DRAMP, = 0
gpu_avg_PIPEP, = 1.12738
gpu_avg_IDLE_COREP, = 0.898508
gpu_avg_CONST_DYNAMICP, = 10.5749
gpu_avg_TENSOR_COREP = 0
gpu_avg_TOT_INST, = 1030.48
gpu_avg_FP_INT, = 165.266
gpu_avg_IC_H, = 0
gpu_avg_IC_M, = 0
gpu_avg_DC_RH, = 0
gpu_avg_DC_RM, = 1244.35
gpu_avg_DC_WH, = 0
gpu_avg_DC_WM, = 622.177
gpu_avg_TC_H, = 0
gpu_avg_TC_M, = 0
gpu_avg_CC_H, = 0
gpu_avg_CC_M, = 0
gpu_avg_SHRD_ACC, = 0
gpu_avg_REG_RD, = 41478.5
gpu_avg_REG_WR, = 61704.5
gpu_avg_NON_REG_OPs, = 0
gpu_avg_SP_ACC, = 0
gpu_avg_SFU_ACC, = 21154
gpu_avg_FPU_ACC, = 0
gpu_avg_MEM_RD, = 0
gpu_avg_MEM_WR, = 0
gpu_avg_MEM_PRE, = 0
gpu_avg_L2_RH, = 0
gpu_avg_L2_RM, = 311.089
gpu_avg_L2_WH, = 0
gpu_avg_L2_WM, = 0
gpu_avg_NOC_A, = 5597.14
gpu_avg_PIPE_A, = 0.012881
gpu_avg_IDLE_CORE_N, = 2.56716
gpu_avg_CONST_DYNAMICN, = 0
gpu_avg_TENSOR_CORE_ACC = 0

Kernel Maximum Power Data:
kernel_max_power = 69.7352
kernel_max_power_without_DRAM = 69.7352
gpu_max_IBP, = 0.0089432
gpu_max_ICP, = 0
gpu_max_DCP, = 38.8975
gpu_max_TCP, = 0
gpu_max_CCP, = 0
gpu_max_SHRDP, = 0
gpu_max_RFP, = 0.927939
gpu_max_SPP, = 0
gpu_max_SFUP, = 0
gpu_max_FPUP, = 0
gpu_max_SCHEDP, = 0
gpu_max_L2CP, = 0.0850156
gpu_max_MCP, = 1.81405
gpu_max_NOCP, = 15.7989
gpu_max_DRAMP, = 0
gpu_max_PIPEP, = 1.62793
gpu_max_IDLE_COREP, = 0
gpu_max_CONST_DYNAMICP, = 10.5749
gpu_max_TENSOR_COREP = 0
gpu_max_TOT_INST, = 1498
gpu_max_FP_INT, = 0
gpu_max_IC_H, = 0
gpu_max_IC_M, = 0
gpu_max_DC_RH, = 0
gpu_max_DC_RM, = 6443
gpu_max_DC_WH, = 0
gpu_max_DC_WM, = 519
gpu_max_TC_H, = 0
gpu_max_TC_M, = 0
gpu_max_CC_H, = 0
gpu_max_CC_M, = 0
gpu_max_SHRD_ACC, = 0
gpu_max_REG_RD, = 57504
gpu_max_REG_WR, = 106080
gpu_max_NON_REG_OPs, = 0
gpu_max_SP_ACC, = 0
gpu_max_SFU_ACC, = 0
gpu_max_FPU_ACC, = 0
gpu_max_MEM_RD, = 0
gpu_max_MEM_WR, = 0
gpu_max_MEM_PRE, = 0
gpu_max_L2_RH, = 0
gpu_max_L2_RM, = 673
gpu_max_L2_WH, = 0
gpu_max_L2_WM, = 0
gpu_max_NOC_A, = 12428
gpu_max_PIPE_A, = 0.0186
gpu_max_IDLE_CORE_N, = 0
gpu_max_CONST_DYNAMICN, = 0
gpu_max_TENSOR_CORE_ACC = 0

Kernel Minimum Power Data:
kernel_min_power = 12.204
kernel_min_power_without_DRAM = 12.204
gpu_min_IBP, = 0
gpu_min_ICP, = 0
gpu_min_DCP, = 0.10337
gpu_min_TCP, = 0
gpu_min_CCP, = 0
gpu_min_SHRDP, = 0
gpu_min_RFP, = 0
gpu_min_SPP, = 0
gpu_min_SFUP, = 0
gpu_min_FPUP, = 0
gpu_min_SCHEDP, = 0
gpu_min_L2CP, = 0
gpu_min_MCP, = 0.429911
gpu_min_NOCP, = 1.0958
gpu_min_DRAMP, = 0
gpu_min_PIPEP, = 0
gpu_min_IDLE_COREP, = 0
gpu_min_CONST_DYNAMICP, = 10.5749
gpu_min_TENSOR_COREP = 0
gpu_min_TOT_INST, = 0
gpu_min_FP_INT, = 0
gpu_min_IC_H, = 0
gpu_min_IC_M, = 0
gpu_min_DC_RH, = 0
gpu_min_DC_RM, = 0
gpu_min_DC_WH, = 0
gpu_min_DC_WM, = 13
gpu_min_TC_H, = 0
gpu_min_TC_M, = 0
gpu_min_CC_H, = 0
gpu_min_CC_M, = 0
gpu_min_SHRD_ACC, = 0
gpu_min_REG_RD, = 0
gpu_min_REG_WR, = 0
gpu_min_NON_REG_OPs, = 0
gpu_min_SP_ACC, = 0
gpu_min_SFU_ACC, = 0
gpu_min_FPU_ACC, = 0
gpu_min_MEM_RD, = 0
gpu_min_MEM_WR, = 0
gpu_min_MEM_PRE, = 0
gpu_min_L2_RH, = 0
gpu_min_L2_RM, = 0
gpu_min_L2_WH, = 0
gpu_min_L2_WM, = 0
gpu_min_NOC_A, = 862
gpu_min_PIPE_A, = 0
gpu_min_IDLE_CORE_N, = 0
gpu_min_CONST_DYNAMICN, = 0
gpu_min_TENSOR_CORE_ACC = 0

Accumulative Power Statistics Over Previous Kernels:
gpu_tot_avg_power = 33.5247
gpu_tot_max_power = 81.274
gpu_tot_min_power = 12.0717

Accumulative Power without DRAM Power:
gpu_tot_avg_power_without_DRAM = 33.5247
gpu_tot_max_power_without_DRAM = 81.274
gpu_tot_min_power_without_DRAM = 12.0717


kernel_name = turing_fp16_s1688gemm_fp16_256x64_ldg8_f2f_nn 
kernel_launch_uid = 3 

Kernel Average Power Data:
kernel_avg_power = 141.969
kernel_avg_power_without_DRAM = 141.969
gpu_avg_IBP, = 0.0254278
gpu_avg_ICP, = 0
gpu_avg_DCP, = 17.4368
gpu_avg_TCP, = 0
gpu_avg_CCP, = 0
gpu_avg_SHRDP, = 10.9663
gpu_avg_RFP, = 5.63538
gpu_avg_SPP, = 0.409356
gpu_avg_SFUP, = 0.03336
gpu_avg_FPUP, = 0.214732
gpu_avg_SCHEDP, = 0.0607008
gpu_avg_L2CP, = 16.5761
gpu_avg_MCP, = 1.04478
gpu_avg_NOCP, = 12.977
gpu_avg_DRAMP, = 0
gpu_avg_PIPEP, = 4.65956
gpu_avg_IDLE_COREP, = 1.72535
gpu_avg_CONST_DYNAMICP, = 10.5749
gpu_avg_TENSOR_COREP = 59.6291
gpu_avg_TOT_INST, = 4259.2
gpu_avg_FP_INT, = 2824
gpu_avg_IC_H, = 0
gpu_avg_IC_M, = 0
gpu_avg_DC_RH, = 0
gpu_avg_DC_RM, = 2931.18
gpu_avg_DC_WH, = 0
gpu_avg_DC_WM, = 203.508
gpu_avg_TC_H, = 0
gpu_avg_TC_M, = 0
gpu_avg_CC_H, = 0
gpu_avg_CC_M, = 0
gpu_avg_SHRD_ACC, = 2260
gpu_avg_REG_RD, = 557082
gpu_avg_REG_WR, = 288132
gpu_avg_NON_REG_OPs, = 0
gpu_avg_SP_ACC, = 259277
gpu_avg_SFU_ACC, = 1177.6
gpu_avg_FPU_ACC, = 12390.4
gpu_avg_MEM_RD, = 0
gpu_avg_MEM_WR, = 0
gpu_avg_MEM_PRE, = 0
gpu_avg_L2_RH, = 2655.44
gpu_avg_L2_RM, = 137.879
gpu_avg_L2_WH, = 0
gpu_avg_L2_WM, = 49.7375
gpu_avg_NOC_A, = 10208.2
gpu_avg_PIPE_A, = 0.0532382
gpu_avg_IDLE_CORE_N, = 4.92958
gpu_avg_CONST_DYNAMICN, = 0
gpu_avg_TENSOR_CORE_ACC = 1.49422e+07

Kernel Maximum Power Data:
kernel_max_power = 233.884
kernel_max_power_without_DRAM = 233.884
gpu_max_IBP, = 0.0410623
gpu_max_ICP, = 0
gpu_max_DCP, = 21.8942
gpu_max_TCP, = 0
gpu_max_CCP, = 0
gpu_max_SHRDP, = 18.6087
gpu_max_RFP, = 10.2747
gpu_max_SPP, = 0.667709
gpu_max_SFUP, = 0
gpu_max_FPUP, = 0
gpu_max_SCHEDP, = 0.114265
gpu_max_L2CP, = 25.6145
gpu_max_MCP, = 1.17754
gpu_max_NOCP, = 18.1087
gpu_max_DRAMP, = 0
gpu_max_PIPEP, = 7.57838
gpu_max_IDLE_COREP, = 0
gpu_max_CONST_DYNAMICP, = 10.5749
gpu_max_TENSOR_COREP = 119.229
gpu_max_TOT_INST, = 6878
gpu_max_FP_INT, = 5316
gpu_max_IC_H, = 0
gpu_max_IC_M, = 0
gpu_max_DC_RH, = 0
gpu_max_DC_RM, = 4057
gpu_max_DC_WH, = 0
gpu_max_DC_WM, = 0
gpu_max_TC_H, = 0
gpu_max_TC_M, = 0
gpu_max_CC_H, = 0
gpu_max_CC_M, = 0
gpu_max_SHRD_ACC, = 3835
gpu_max_REG_RD, = 1.03107e+06
gpu_max_REG_WR, = 499008
gpu_max_NON_REG_OPs, = 0
gpu_max_SP_ACC, = 422912
gpu_max_SFU_ACC, = 0
gpu_max_FPU_ACC, = 0
gpu_max_MEM_RD, = 0
gpu_max_MEM_WR, = 0
gpu_max_MEM_PRE, = 0
gpu_max_L2_RH, = 4283
gpu_max_L2_RM, = 156
gpu_max_L2_WH, = 0
gpu_max_L2_WM, = 0
gpu_max_NOC_A, = 14245
gpu_max_PIPE_A, = 0.0865875
gpu_max_IDLE_CORE_N, = 0
gpu_max_CONST_DYNAMICN, = 0
gpu_max_TENSOR_CORE_ACC = 2.98771e+07

Kernel Minimum Power Data:
kernel_min_power = 13.5038
kernel_min_power_without_DRAM = 13.5038
gpu_min_IBP, = 0
gpu_min_ICP, = 0
gpu_min_DCP, = 0
gpu_min_TCP, = 0
gpu_min_CCP, = 0
gpu_min_SHRDP, = 0
gpu_min_RFP, = 0
gpu_min_SPP, = 0
gpu_min_SFUP, = 0
gpu_min_FPUP, = 0
gpu_min_SCHEDP, = 0
gpu_min_L2CP, = 0
gpu_min_MCP, = 0.425052
gpu_min_NOCP, = 0.809776
gpu_min_DRAMP, = 0
gpu_min_PIPEP, = 0
gpu_min_IDLE_COREP, = 1.694
gpu_min_CONST_DYNAMICP, = 10.5749
gpu_min_TENSOR_COREP = 0
gpu_min_TOT_INST, = 0
gpu_min_FP_INT, = 0
gpu_min_IC_H, = 0
gpu_min_IC_M, = 0
gpu_min_DC_RH, = 0
gpu_min_DC_RM, = 0
gpu_min_DC_WH, = 0
gpu_min_DC_WM, = 0
gpu_min_TC_H, = 0
gpu_min_TC_M, = 0
gpu_min_CC_H, = 0
gpu_min_CC_M, = 0
gpu_min_SHRD_ACC, = 0
gpu_min_REG_RD, = 0
gpu_min_REG_WR, = 0
gpu_min_NON_REG_OPs, = 0
gpu_min_SP_ACC, = 0
gpu_min_SFU_ACC, = 0
gpu_min_FPU_ACC, = 0
gpu_min_MEM_RD, = 0
gpu_min_MEM_WR, = 0
gpu_min_MEM_PRE, = 0
gpu_min_L2_RH, = 0
gpu_min_L2_RM, = 0
gpu_min_L2_WH, = 0
gpu_min_L2_WM, = 0
gpu_min_NOC_A, = 637
gpu_min_PIPE_A, = 0
gpu_min_IDLE_CORE_N, = 4.84
gpu_min_CONST_DYNAMICN, = 0
gpu_min_TENSOR_CORE_ACC = 0

Accumulative Power Statistics Over Previous Kernels:
gpu_tot_avg_power = 101.657
gpu_tot_max_power = 233.884
gpu_tot_min_power = 12.0717

Accumulative Power without DRAM Power:
gpu_tot_avg_power_without_DRAM = 101.657
gpu_tot_max_power_without_DRAM = 233.884
gpu_tot_min_power_without_DRAM = 12.0717


